<?xml version="1.0" encoding="UTF-8"?>
<!-- Generated by org.testng.reporters.JUnitReportReporter -->
<testsuite skipped="0" hostname="PNL-CZ283H2" name="com.demo.TestNGTests" tests="1" failures="0" timestamp="24 Sep 2019 08:48:58 GMT" time="7.317" errors="0">
  <testcase name="test_1" time="7.317" classname="com.demo.TestNGTests"/>
</testsuite> <!-- com.demo.TestNGTests -->
